This is pdfTeX, Version 3.14159265-2.6-1.40.19 (TeX Live 2018) (preloaded format=pdflatex 2018.4.16)  5 DEC 2018 14:32
entering extended mode
 restricted \write18 enabled.
 file:line:error style messages enabled.
 %&-line parsing enabled.
**paper.tex
(./paper.tex
LaTeX2e <2018-04-01> patch level 2
Babel <3.18> and hyphenation patterns for 84 language(s) loaded.
(./acmart.cls
Document Class: acmart 2016/12/03 v1.25 Typesetting articles for Association of
 Computing Machinery
(/usr/local/texlive/2018/texmf-dist/tex/latex/xkeyval/xkeyval.sty
Package: xkeyval 2014/12/03 v2.7a package option processing (HA)

(/usr/local/texlive/2018/texmf-dist/tex/generic/xkeyval/xkeyval.tex
(/usr/local/texlive/2018/texmf-dist/tex/generic/xkeyval/xkvutils.tex
\XKV@toks=\toks14
\XKV@tempa@toks=\toks15

(/usr/local/texlive/2018/texmf-dist/tex/generic/xkeyval/keyval.tex))
\XKV@depth=\count80
File: xkeyval.tex 2014/12/03 v2.7a key=value parser (HA)
))
Package acmart Info: Not using screen mode on input line 69.
Package acmart Info: Not using review mode on input line 77.
Package acmart Info: Not using authorversion mode on input line 85.
Package acmart Info: Not using anonymous mode on input line 103.
Class acmart Info: Using format sigconf, number 4 on input line 112.
Class acmart Info: Using fontsize 9pt on input line 168.

(/usr/local/texlive/2018/texmf-dist/tex/latex/amscls/amsart.cls
Document Class: amsart 2017/10/31 v2.20.4
\linespacing=\dimen102
\normalparindent=\dimen103
\normaltopskip=\skip41
(/usr/local/texlive/2018/texmf-dist/tex/latex/amsmath/amsmath.sty
Package: amsmath 2017/09/02 v2.17a AMS math features
\@mathmargin=\skip42

For additional information on amsmath, use the `?' option.
(/usr/local/texlive/2018/texmf-dist/tex/latex/amsmath/amstext.sty
Package: amstext 2000/06/29 v2.01 AMS text

(/usr/local/texlive/2018/texmf-dist/tex/latex/amsmath/amsgen.sty
File: amsgen.sty 1999/11/30 v2.0 generic functions
\@emptytoks=\toks16
\ex@=\dimen104
))
(/usr/local/texlive/2018/texmf-dist/tex/latex/amsmath/amsbsy.sty
Package: amsbsy 1999/11/29 v1.2d Bold Symbols
\pmbraise@=\dimen105
)
(/usr/local/texlive/2018/texmf-dist/tex/latex/amsmath/amsopn.sty
Package: amsopn 2016/03/08 v2.02 operator names
)
\inf@bad=\count81
LaTeX Info: Redefining \frac on input line 213.
\uproot@=\count82
\leftroot@=\count83
LaTeX Info: Redefining \overline on input line 375.
\classnum@=\count84
\DOTSCASE@=\count85
LaTeX Info: Redefining \ldots on input line 472.
LaTeX Info: Redefining \dots on input line 475.
LaTeX Info: Redefining \cdots on input line 596.
\Mathstrutbox@=\box26
\strutbox@=\box27
\big@size=\dimen106
LaTeX Font Info:    Redeclaring font encoding OML on input line 712.
LaTeX Font Info:    Redeclaring font encoding OMS on input line 713.
\macc@depth=\count86
\c@MaxMatrixCols=\count87
\dotsspace@=\muskip10
\c@parentequation=\count88
\dspbrk@lvl=\count89
\tag@help=\toks17
\row@=\count90
\column@=\count91
\maxfields@=\count92
\andhelp@=\toks18
\eqnshift@=\dimen107
\alignsep@=\dimen108
\tagshift@=\dimen109
\tagwidth@=\dimen110
\totwidth@=\dimen111
\lineht@=\dimen112
\@envbody=\toks19
\multlinegap=\skip43
\multlinetaggap=\skip44
\mathdisplay@stack=\toks20
LaTeX Info: Redefining \[ on input line 2817.
LaTeX Info: Redefining \] on input line 2818.
)
LaTeX Font Info:    Try loading font information for U+msa on input line 398.

(/usr/local/texlive/2018/texmf-dist/tex/latex/amsfonts/umsa.fd
File: umsa.fd 2013/01/14 v3.01 AMS symbols A
)
(/usr/local/texlive/2018/texmf-dist/tex/latex/amsfonts/amsfonts.sty
Package: amsfonts 2013/01/14 v3.01 Basic AMSFonts support
\symAMSa=\mathgroup4
\symAMSb=\mathgroup5
LaTeX Font Info:    Overwriting math alphabet `\mathfrak' in version `bold'
(Font)                  U/euf/m/n --> U/euf/b/n on input line 106.
)
\copyins=\insert199
\abstractbox=\box28
\listisep=\skip45
\c@part=\count93
\c@section=\count94
\c@subsection=\count95
\c@subsubsection=\count96
\c@paragraph=\count97
\c@subparagraph=\count98
\c@figure=\count99
\c@table=\count100
\abovecaptionskip=\skip46
\belowcaptionskip=\skip47
\captionindent=\dimen113
\thm@style=\toks21
\thm@bodyfont=\toks22
\thm@headfont=\toks23
\thm@notefont=\toks24
\thm@headpunct=\toks25
\thm@preskip=\skip48
\thm@postskip=\skip49
\thm@headsep=\skip50
\dth@everypar=\toks26
)
(/usr/local/texlive/2018/texmf-dist/tex/latex/microtype/microtype.sty
Package: microtype 2018/01/14 v2.7a Micro-typographical refinements (RS)
\MT@toks=\toks27
\MT@count=\count101
LaTeX Info: Redefining \textls on input line 793.
\MT@outer@kern=\dimen114
LaTeX Info: Redefining \textmicrotypecontext on input line 1339.
\MT@listname@count=\count102

(/usr/local/texlive/2018/texmf-dist/tex/latex/microtype/microtype-pdftex.def
File: microtype-pdftex.def 2018/01/14 v2.7a Definitions specific to pdftex (RS)

LaTeX Info: Redefining \lsstyle on input line 913.
LaTeX Info: Redefining \lslig on input line 913.
\MT@outer@space=\skip51
)
Package microtype Info: Loading configuration file microtype.cfg.

(/usr/local/texlive/2018/texmf-dist/tex/latex/microtype/microtype.cfg
File: microtype.cfg 2018/01/14 v2.7a microtype main configuration file (RS)
))
(/usr/local/texlive/2018/texmf-dist/tex/latex/totpages/totpages.sty
Package: totpages 2005/09/19 v2.00 Totpages Package (muewi)

(/usr/local/texlive/2018/texmf-dist/tex/latex/ms/everyshi.sty
Package: everyshi 2001/05/15 v3.00 EveryShipout Package (MS)
))
(/usr/local/texlive/2018/texmf-dist/tex/latex/environ/environ.sty
Package: environ 2014/05/04 v0.3 A new way to define environments

(/usr/local/texlive/2018/texmf-dist/tex/latex/trimspaces/trimspaces.sty
Package: trimspaces 2009/09/17 v1.1 Trim spaces around a token list
))
(/usr/local/texlive/2018/texmf-dist/tex/latex/natbib/natbib.sty
Package: natbib 2010/09/13 8.31b (PWD, AO)
\bibhang=\skip52
\bibsep=\skip53
LaTeX Info: Redefining \cite on input line 694.
\c@NAT@ctr=\count103
)
(/usr/local/texlive/2018/texmf-dist/tex/latex/hyperref/hyperref.sty
Package: hyperref 2018/02/06 v6.86b Hypertext links for LaTeX

(/usr/local/texlive/2018/texmf-dist/tex/generic/oberdiek/hobsub-hyperref.sty
Package: hobsub-hyperref 2016/05/16 v1.14 Bundle oberdiek, subset hyperref (HO)


(/usr/local/texlive/2018/texmf-dist/tex/generic/oberdiek/hobsub-generic.sty
Package: hobsub-generic 2016/05/16 v1.14 Bundle oberdiek, subset generic (HO)
Package: hobsub 2016/05/16 v1.14 Construct package bundles (HO)
Package: infwarerr 2016/05/16 v1.4 Providing info/warning/error messages (HO)
Package: ltxcmds 2016/05/16 v1.23 LaTeX kernel commands for general use (HO)
Package: ifluatex 2016/05/16 v1.4 Provides the ifluatex switch (HO)
Package ifluatex Info: LuaTeX not detected.
Package: ifvtex 2016/05/16 v1.6 Detect VTeX and its facilities (HO)
Package ifvtex Info: VTeX not detected.
Package: intcalc 2016/05/16 v1.2 Expandable calculations with integers (HO)
Package: ifpdf 2017/03/15 v3.2 Provides the ifpdf switch
Package: etexcmds 2016/05/16 v1.6 Avoid name clashes with e-TeX commands (HO)
Package etexcmds Info: Could not find \expanded.
(etexcmds)             That can mean that you are not using pdfTeX 1.50 or
(etexcmds)             that some package has redefined \expanded.
(etexcmds)             In the latter case, load this package earlier.
Package: kvsetkeys 2016/05/16 v1.17 Key value parser (HO)
Package: kvdefinekeys 2016/05/16 v1.4 Define keys (HO)
Package: pdftexcmds 2018/01/30 v0.27 Utility functions of pdfTeX for LuaTeX (HO
)
Package pdftexcmds Info: LuaTeX not detected.
Package pdftexcmds Info: \pdf@primitive is available.
Package pdftexcmds Info: \pdf@ifprimitive is available.
Package pdftexcmds Info: \pdfdraftmode found.
Package: pdfescape 2016/05/16 v1.14 Implements pdfTeX's escape features (HO)
Package: bigintcalc 2016/05/16 v1.4 Expandable calculations on big integers (HO
)
Package: bitset 2016/05/16 v1.2 Handle bit-vector datatype (HO)
Package: uniquecounter 2016/05/16 v1.3 Provide unlimited unique counter (HO)
)
Package hobsub Info: Skipping package `hobsub' (already loaded).
Package: letltxmacro 2016/05/16 v1.5 Let assignment for LaTeX macros (HO)
Package: hopatch 2016/05/16 v1.3 Wrapper for package hooks (HO)
Package: xcolor-patch 2016/05/16 xcolor patch
Package: atveryend 2016/05/16 v1.9 Hooks at the very end of document (HO)
Package atveryend Info: \enddocument detected (standard20110627).
Package: atbegshi 2016/06/09 v1.18 At begin shipout hook (HO)
Package: refcount 2016/05/16 v3.5 Data extraction from label references (HO)
Package: hycolor 2016/05/16 v1.8 Color options for hyperref/bookmark (HO)
)
(/usr/local/texlive/2018/texmf-dist/tex/generic/ifxetex/ifxetex.sty
Package: ifxetex 2010/09/12 v0.6 Provides ifxetex conditional
)
(/usr/local/texlive/2018/texmf-dist/tex/latex/oberdiek/auxhook.sty
Package: auxhook 2016/05/16 v1.4 Hooks for auxiliary files (HO)
)
(/usr/local/texlive/2018/texmf-dist/tex/latex/oberdiek/kvoptions.sty
Package: kvoptions 2016/05/16 v3.12 Key value format for package options (HO)
)
\@linkdim=\dimen115
\Hy@linkcounter=\count104
\Hy@pagecounter=\count105

(/usr/local/texlive/2018/texmf-dist/tex/latex/hyperref/pd1enc.def
File: pd1enc.def 2018/02/06 v6.86b Hyperref: PDFDocEncoding definition (HO)
Now handling font encoding PD1 ...
... no UTF-8 mapping file for font encoding PD1
)
\Hy@SavedSpaceFactor=\count106

(/usr/local/texlive/2018/texmf-dist/tex/latex/latexconfig/hyperref.cfg
File: hyperref.cfg 2002/06/06 v1.2 hyperref configuration of TeXLive
)
Package hyperref Info: Option `bookmarksnumbered' set `true' on input line 4383
.
Package hyperref Info: Hyper figures OFF on input line 4509.
Package hyperref Info: Link nesting OFF on input line 4514.
Package hyperref Info: Hyper index ON on input line 4517.
Package hyperref Info: Plain pages OFF on input line 4524.
Package hyperref Info: Backreferencing OFF on input line 4529.
Package hyperref Info: Implicit mode ON; LaTeX internals redefined.
Package hyperref Info: Bookmarks ON on input line 4762.
\c@Hy@tempcnt=\count107

(/usr/local/texlive/2018/texmf-dist/tex/latex/url/url.sty
\Urlmuskip=\muskip11
Package: url 2013/09/16  ver 3.4  Verb mode for urls, etc.
)
LaTeX Info: Redefining \url on input line 5115.
\XeTeXLinkMargin=\dimen116
\Fld@menulength=\count108
\Field@Width=\dimen117
\Fld@charsize=\dimen118
Package hyperref Info: Hyper figures OFF on input line 6369.
Package hyperref Info: Link nesting OFF on input line 6374.
Package hyperref Info: Hyper index ON on input line 6377.
Package hyperref Info: backreferencing OFF on input line 6384.
Package hyperref Info: Link coloring OFF on input line 6389.
Package hyperref Info: Link coloring with OCG OFF on input line 6394.
Package hyperref Info: PDF/A mode OFF on input line 6399.
LaTeX Info: Redefining \ref on input line 6439.
LaTeX Info: Redefining \pageref on input line 6443.
\Hy@abspage=\count109
\c@Item=\count110
\c@Hfootnote=\count111
)
Package hyperref Info: Driver (autodetected): hpdftex.

(/usr/local/texlive/2018/texmf-dist/tex/latex/hyperref/hpdftex.def
File: hpdftex.def 2018/02/06 v6.86b Hyperref driver for pdfTeX
\Fld@listcount=\count112
\c@bookmark@seq@number=\count113

(/usr/local/texlive/2018/texmf-dist/tex/latex/oberdiek/rerunfilecheck.sty
Package: rerunfilecheck 2016/05/16 v1.8 Rerun checks for auxiliary files (HO)
Package uniquecounter Info: New unique counter `rerunfilecheck' on input line 2
82.
)
\Hy@SectionHShift=\skip54
)
(/usr/local/texlive/2018/texmf-dist/tex/latex/graphics/graphicx.sty
Package: graphicx 2017/06/01 v1.1a Enhanced LaTeX Graphics (DPC,SPQR)

(/usr/local/texlive/2018/texmf-dist/tex/latex/graphics/graphics.sty
Package: graphics 2017/06/25 v1.2c Standard LaTeX Graphics (DPC,SPQR)

(/usr/local/texlive/2018/texmf-dist/tex/latex/graphics/trig.sty
Package: trig 2016/01/03 v1.10 sin cos tan (DPC)
)
(/usr/local/texlive/2018/texmf-dist/tex/latex/graphics-cfg/graphics.cfg
File: graphics.cfg 2016/06/04 v1.11 sample graphics configuration
)
Package graphics Info: Driver file: pdftex.def on input line 99.

(/usr/local/texlive/2018/texmf-dist/tex/latex/graphics-def/pdftex.def
File: pdftex.def 2018/01/08 v1.0l Graphics/color driver for pdftex
))
\Gin@req@height=\dimen119
\Gin@req@width=\dimen120
)
(/usr/local/texlive/2018/texmf-dist/tex/latex/xcolor/xcolor.sty
Package: xcolor 2016/05/11 v2.12 LaTeX color extensions (UK)

(/usr/local/texlive/2018/texmf-dist/tex/latex/graphics-cfg/color.cfg
File: color.cfg 2016/01/02 v1.6 sample color configuration
)
Package xcolor Info: Driver file: pdftex.def on input line 225.
Package xcolor Info: Model `cmy' substituted by `cmy0' on input line 1348.
Package xcolor Info: Model `hsb' substituted by `rgb' on input line 1352.
Package xcolor Info: Model `RGB' extended on input line 1364.
Package xcolor Info: Model `HTML' substituted by `rgb' on input line 1366.
Package xcolor Info: Model `Hsb' substituted by `hsb' on input line 1367.
Package xcolor Info: Model `tHsb' substituted by `hsb' on input line 1368.
Package xcolor Info: Model `HSB' substituted by `hsb' on input line 1369.
Package xcolor Info: Model `Gray' substituted by `gray' on input line 1370.
Package xcolor Info: Model `wave' substituted by `hsb' on input line 1371.
)
(/usr/local/texlive/2018/texmf-dist/tex/latex/geometry/geometry.sty
Package: geometry 2018/03/24 v5.7 Page Geometry
\Gm@cnth=\count114
\Gm@cntv=\count115
\c@Gm@tempcnt=\count116
\Gm@bindingoffset=\dimen121
\Gm@wd@mp=\dimen122
\Gm@odd@mp=\dimen123
\Gm@even@mp=\dimen124
\Gm@layoutwidth=\dimen125
\Gm@layoutheight=\dimen126
\Gm@layouthoffset=\dimen127
\Gm@layoutvoffset=\dimen128
\Gm@dimlist=\toks28
)
(/usr/local/texlive/2018/texmf-dist/tex/latex/ncctools/manyfoot.sty
Package: manyfoot 2005/09/11 v1.10 Many Footnote Levels Package (NCC)

(/usr/local/texlive/2018/texmf-dist/tex/latex/ncctools/nccfoots.sty
Package: nccfoots 2005/02/03 v1.2 NCC Footnotes Package (NCC)
)
\MFL@columnwidth=\dimen129
)
\footinscopyrightpermission=\insert198
\c@footnotecopyrightpermission=\count117

(/usr/local/texlive/2018/texmf-dist/tex/latex/libertine/libertine.sty
Package: libertine 2018/01/03 (Bob Tennent) Supports Libertine and Biolinum fon
ts for all LaTeX engines.

(/usr/local/texlive/2018/texmf-dist/tex/latex/base/textcomp.sty
Package: textcomp 2017/04/05 v2.0i Standard LaTeX package
Package textcomp Info: Sub-encoding information:
(textcomp)               5 = only ISO-Adobe without \textcurrency
(textcomp)               4 = 5 + \texteuro
(textcomp)               3 = 4 + \textohm
(textcomp)               2 = 3 + \textestimated + \textcurrency
(textcomp)               1 = TS1 - \textcircled - \t
(textcomp)               0 = TS1 (full)
(textcomp)             Font families with sub-encoding setting implement
(textcomp)             only a restricted character set as indicated.
(textcomp)             Family '?' is the default used for unknown fonts.
(textcomp)             See the documentation for details.
Package textcomp Info: Setting ? sub-encoding to TS1/1 on input line 79.

(/usr/local/texlive/2018/texmf-dist/tex/latex/base/ts1enc.def
File: ts1enc.def 2001/06/05 v3.0e (jk/car/fm) Standard LaTeX file
Now handling font encoding TS1 ...
... processing UTF-8 mapping file for font encoding TS1

(/usr/local/texlive/2018/texmf-dist/tex/latex/base/ts1enc.dfu
File: ts1enc.dfu 2018/04/05 v1.2c UTF-8 support for inputenc
   defining Unicode char U+00A2 (decimal 162)
   defining Unicode char U+00A3 (decimal 163)
   defining Unicode char U+00A4 (decimal 164)
   defining Unicode char U+00A5 (decimal 165)
   defining Unicode char U+00A6 (decimal 166)
   defining Unicode char U+00A7 (decimal 167)
   defining Unicode char U+00A8 (decimal 168)
   defining Unicode char U+00A9 (decimal 169)
   defining Unicode char U+00AA (decimal 170)
   defining Unicode char U+00AC (decimal 172)
   defining Unicode char U+00AE (decimal 174)
   defining Unicode char U+00AF (decimal 175)
   defining Unicode char U+00B0 (decimal 176)
   defining Unicode char U+00B1 (decimal 177)
   defining Unicode char U+00B2 (decimal 178)
   defining Unicode char U+00B3 (decimal 179)
   defining Unicode char U+00B4 (decimal 180)
   defining Unicode char U+00B5 (decimal 181)
   defining Unicode char U+00B6 (decimal 182)
   defining Unicode char U+00B7 (decimal 183)
   defining Unicode char U+00B9 (decimal 185)
   defining Unicode char U+00BA (decimal 186)
   defining Unicode char U+00BC (decimal 188)
   defining Unicode char U+00BD (decimal 189)
   defining Unicode char U+00BE (decimal 190)
   defining Unicode char U+00D7 (decimal 215)
   defining Unicode char U+00F7 (decimal 247)
   defining Unicode char U+0192 (decimal 402)
   defining Unicode char U+02C7 (decimal 711)
   defining Unicode char U+02D8 (decimal 728)
   defining Unicode char U+02DD (decimal 733)
   defining Unicode char U+0E3F (decimal 3647)
   defining Unicode char U+2016 (decimal 8214)
   defining Unicode char U+2020 (decimal 8224)
   defining Unicode char U+2021 (decimal 8225)
   defining Unicode char U+2022 (decimal 8226)
   defining Unicode char U+2030 (decimal 8240)
   defining Unicode char U+2031 (decimal 8241)
   defining Unicode char U+203B (decimal 8251)
   defining Unicode char U+203D (decimal 8253)
   defining Unicode char U+2044 (decimal 8260)
   defining Unicode char U+204E (decimal 8270)
   defining Unicode char U+2052 (decimal 8274)
   defining Unicode char U+20A1 (decimal 8353)
   defining Unicode char U+20A4 (decimal 8356)
   defining Unicode char U+20A6 (decimal 8358)
   defining Unicode char U+20A9 (decimal 8361)
   defining Unicode char U+20AB (decimal 8363)
   defining Unicode char U+20AC (decimal 8364)
   defining Unicode char U+20B1 (decimal 8369)
   defining Unicode char U+2103 (decimal 8451)
   defining Unicode char U+2116 (decimal 8470)
   defining Unicode char U+2117 (decimal 8471)
   defining Unicode char U+211E (decimal 8478)
   defining Unicode char U+2120 (decimal 8480)
   defining Unicode char U+2122 (decimal 8482)
   defining Unicode char U+2126 (decimal 8486)
   defining Unicode char U+2127 (decimal 8487)
   defining Unicode char U+212E (decimal 8494)
   defining Unicode char U+2190 (decimal 8592)
   defining Unicode char U+2191 (decimal 8593)
   defining Unicode char U+2192 (decimal 8594)
   defining Unicode char U+2193 (decimal 8595)
   defining Unicode char U+2329 (decimal 9001)
   defining Unicode char U+232A (decimal 9002)
   defining Unicode char U+2422 (decimal 9250)
   defining Unicode char U+25E6 (decimal 9702)
   defining Unicode char U+25EF (decimal 9711)
   defining Unicode char U+266A (decimal 9834)
   defining Unicode char U+FEFF (decimal 65279)
))
LaTeX Info: Redefining \oldstylenums on input line 334.
Package textcomp Info: Setting cmr sub-encoding to TS1/0 on input line 349.
Package textcomp Info: Setting cmss sub-encoding to TS1/0 on input line 350.
Package textcomp Info: Setting cmtt sub-encoding to TS1/0 on input line 351.
Package textcomp Info: Setting cmvtt sub-encoding to TS1/0 on input line 352.
Package textcomp Info: Setting cmbr sub-encoding to TS1/0 on input line 353.
Package textcomp Info: Setting cmtl sub-encoding to TS1/0 on input line 354.
Package textcomp Info: Setting ccr sub-encoding to TS1/0 on input line 355.
Package textcomp Info: Setting ptm sub-encoding to TS1/4 on input line 356.
Package textcomp Info: Setting pcr sub-encoding to TS1/4 on input line 357.
Package textcomp Info: Setting phv sub-encoding to TS1/4 on input line 358.
Package textcomp Info: Setting ppl sub-encoding to TS1/3 on input line 359.
Package textcomp Info: Setting pag sub-encoding to TS1/4 on input line 360.
Package textcomp Info: Setting pbk sub-encoding to TS1/4 on input line 361.
Package textcomp Info: Setting pnc sub-encoding to TS1/4 on input line 362.
Package textcomp Info: Setting pzc sub-encoding to TS1/4 on input line 363.
Package textcomp Info: Setting bch sub-encoding to TS1/4 on input line 364.
Package textcomp Info: Setting put sub-encoding to TS1/5 on input line 365.
Package textcomp Info: Setting uag sub-encoding to TS1/5 on input line 366.
Package textcomp Info: Setting ugq sub-encoding to TS1/5 on input line 367.
Package textcomp Info: Setting ul8 sub-encoding to TS1/4 on input line 368.
Package textcomp Info: Setting ul9 sub-encoding to TS1/4 on input line 369.
Package textcomp Info: Setting augie sub-encoding to TS1/5 on input line 370.
Package textcomp Info: Setting dayrom sub-encoding to TS1/3 on input line 371.
Package textcomp Info: Setting dayroms sub-encoding to TS1/3 on input line 372.

Package textcomp Info: Setting pxr sub-encoding to TS1/0 on input line 373.
Package textcomp Info: Setting pxss sub-encoding to TS1/0 on input line 374.
Package textcomp Info: Setting pxtt sub-encoding to TS1/0 on input line 375.
Package textcomp Info: Setting txr sub-encoding to TS1/0 on input line 376.
Package textcomp Info: Setting txss sub-encoding to TS1/0 on input line 377.
Package textcomp Info: Setting txtt sub-encoding to TS1/0 on input line 378.
Package textcomp Info: Setting lmr sub-encoding to TS1/0 on input line 379.
Package textcomp Info: Setting lmdh sub-encoding to TS1/0 on input line 380.
Package textcomp Info: Setting lmss sub-encoding to TS1/0 on input line 381.
Package textcomp Info: Setting lmssq sub-encoding to TS1/0 on input line 382.
Package textcomp Info: Setting lmvtt sub-encoding to TS1/0 on input line 383.
Package textcomp Info: Setting lmtt sub-encoding to TS1/0 on input line 384.
Package textcomp Info: Setting qhv sub-encoding to TS1/0 on input line 385.
Package textcomp Info: Setting qag sub-encoding to TS1/0 on input line 386.
Package textcomp Info: Setting qbk sub-encoding to TS1/0 on input line 387.
Package textcomp Info: Setting qcr sub-encoding to TS1/0 on input line 388.
Package textcomp Info: Setting qcs sub-encoding to TS1/0 on input line 389.
Package textcomp Info: Setting qpl sub-encoding to TS1/0 on input line 390.
Package textcomp Info: Setting qtm sub-encoding to TS1/0 on input line 391.
Package textcomp Info: Setting qzc sub-encoding to TS1/0 on input line 392.
Package textcomp Info: Setting qhvc sub-encoding to TS1/0 on input line 393.
Package textcomp Info: Setting futs sub-encoding to TS1/4 on input line 394.
Package textcomp Info: Setting futx sub-encoding to TS1/4 on input line 395.
Package textcomp Info: Setting futj sub-encoding to TS1/4 on input line 396.
Package textcomp Info: Setting hlh sub-encoding to TS1/3 on input line 397.
Package textcomp Info: Setting hls sub-encoding to TS1/3 on input line 398.
Package textcomp Info: Setting hlst sub-encoding to TS1/3 on input line 399.
Package textcomp Info: Setting hlct sub-encoding to TS1/5 on input line 400.
Package textcomp Info: Setting hlx sub-encoding to TS1/5 on input line 401.
Package textcomp Info: Setting hlce sub-encoding to TS1/5 on input line 402.
Package textcomp Info: Setting hlcn sub-encoding to TS1/5 on input line 403.
Package textcomp Info: Setting hlcw sub-encoding to TS1/5 on input line 404.
Package textcomp Info: Setting hlcf sub-encoding to TS1/5 on input line 405.
Package textcomp Info: Setting pplx sub-encoding to TS1/3 on input line 406.
Package textcomp Info: Setting pplj sub-encoding to TS1/3 on input line 407.
Package textcomp Info: Setting ptmx sub-encoding to TS1/4 on input line 408.
Package textcomp Info: Setting ptmj sub-encoding to TS1/4 on input line 409.
)
(/usr/local/texlive/2018/texmf-dist/tex/latex/mweights/mweights.sty
Package: mweights 2017/03/30 (Bob Tennent) Support package for multiple-weight 
font packages. 
LaTeX Info: Redefining \bfseries on input line 22.
LaTeX Info: Redefining \mdseries on input line 30.
LaTeX Info: Redefining \rmfamily on input line 38.
LaTeX Info: Redefining \sffamily on input line 66.
LaTeX Info: Redefining \ttfamily on input line 94.
)
(/usr/local/texlive/2018/texmf-dist/tex/latex/base/fontenc.sty
Package: fontenc 2017/04/05 v2.0i Standard LaTeX package
)
(/usr/local/texlive/2018/texmf-dist/tex/latex/fontaxes/fontaxes.sty
Package: fontaxes 2014/03/23 v1.0d Font selection axes
LaTeX Info: Redefining \upshape on input line 29.
LaTeX Info: Redefining \itshape on input line 31.
LaTeX Info: Redefining \slshape on input line 33.
LaTeX Info: Redefining \scshape on input line 37.
)
LaTeX Info: Redefining \oldstylenums on input line 490.

(/usr/local/texlive/2018/texmf-dist/tex/latex/libertine/LinLibertine_I.tex))
(/usr/local/texlive/2018/texmf-dist/tex/latex/inconsolata/zi4.sty
Package: zi4 2017/01/04 v1.112

`inconsolata-zi4' v1.112, 2017/01/04 Text macros for Inconsolata (msharpe)
\zifour@ocount=\count118
)
(/usr/local/texlive/2018/texmf-dist/tex/latex/newtx/newtxmath.sty
Package: newtxmath 2017/12/14 v1.53

`newtxmath' v1.53, 2017/12/14 Math macros based on txfonts (msharpe)
(/usr/local/texlive/2018/texmf-dist/tex/latex/oberdiek/centernot.sty
Package: centernot 2016/05/16 v1.4 Centers the not symbol horizontally (HO)
)
(/usr/local/texlive/2018/texmf-dist/tex/generic/kastrup/binhex.tex)
\tx@Isdigit=\count119
LaTeX Font Info:    Redeclaring symbol font `operators' on input line 156.
LaTeX Font Info:    Overwriting symbol font `operators' in version `normal'
(Font)                  OT1/cmr/m/n --> OT1/LinuxLibertineT-TLF/m/n on input li
ne 156.
LaTeX Font Info:    Overwriting symbol font `operators' in version `bold'
(Font)                  OT1/cmr/bx/n --> OT1/LinuxLibertineT-TLF/m/n on input l
ine 156.
LaTeX Font Info:    Overwriting symbol font `operators' in version `bold'
(Font)                  OT1/LinuxLibertineT-TLF/m/n --> OT1/LinuxLibertineT-TLF
/sb/n on input line 157.
LaTeX Font Info:    Redeclaring math alphabet \mathsf on input line 163.
LaTeX Font Info:    Overwriting math alphabet `\mathsf' in version `normal'
(Font)                  OT1/cmss/m/n --> OT1/LinuxBiolinumT-TLF/m/n on input li
ne 163.
LaTeX Font Info:    Overwriting math alphabet `\mathsf' in version `bold'
(Font)                  OT1/cmss/bx/n --> OT1/LinuxBiolinumT-TLF/m/n on input l
ine 163.
LaTeX Font Info:    Redeclaring math alphabet \mathit on input line 164.
LaTeX Font Info:    Overwriting math alphabet `\mathit' in version `normal'
(Font)                  OT1/cmr/m/it --> OT1/LinuxLibertineT-TLF/m/it on input 
line 164.
LaTeX Font Info:    Overwriting math alphabet `\mathit' in version `bold'
(Font)                  OT1/cmr/bx/it --> OT1/LinuxLibertineT-TLF/m/it on input
 line 164.
LaTeX Font Info:    Redeclaring math alphabet \mathtt on input line 165.
LaTeX Font Info:    Overwriting math alphabet `\mathtt' in version `normal'
(Font)                  OT1/cmtt/m/n --> OT1/zi4/m/n on input line 165.
LaTeX Font Info:    Overwriting math alphabet `\mathtt' in version `bold'
(Font)                  OT1/cmtt/m/n --> OT1/zi4/m/n on input line 165.
LaTeX Font Info:    Redeclaring math alphabet \mathbf on input line 167.
LaTeX Font Info:    Overwriting math alphabet `\mathbf' in version `normal'
(Font)                  OT1/cmr/bx/n --> OT1/LinuxLibertineT-TLF/sb/n on input 
line 167.
LaTeX Font Info:    Overwriting math alphabet `\mathbf' in version `bold'
(Font)                  OT1/cmr/bx/n --> OT1/LinuxLibertineT-TLF/sb/n on input 
line 167.
LaTeX Font Info:    Overwriting math alphabet `\mathit' in version `bold'
(Font)                  OT1/LinuxLibertineT-TLF/m/it --> OT1/LinuxLibertineT-TL
F/sb/it on input line 168.
LaTeX Font Info:    Overwriting math alphabet `\mathsf' in version `bold'
(Font)                  OT1/LinuxBiolinumT-TLF/m/n --> OT1/LinuxBiolinumT-TLF/b
/n on input line 169.
LaTeX Font Info:    Overwriting math alphabet `\mathtt' in version `bold'
(Font)                  OT1/zi4/m/n --> OT1/zi4/b/n on input line 170.
LaTeX Font Info:    Redeclaring symbol font `letters' on input line 182.
LaTeX Font Info:    Overwriting symbol font `letters' in version `normal'
(Font)                  OML/cmm/m/it --> OML/nxlmi/m/it on input line 182.
LaTeX Font Info:    Overwriting symbol font `letters' in version `bold'
(Font)                  OML/cmm/b/it --> OML/nxlmi/m/it on input line 182.
LaTeX Font Info:    Overwriting symbol font `letters' in version `bold'
(Font)                  OML/nxlmi/m/it --> OML/nxlmi/b/it on input line 183.
\symlettersA=\mathgroup6
LaTeX Font Info:    Overwriting symbol font `lettersA' in version `bold'
(Font)                  U/ntxmia/m/it --> U/ntxmia/b/it on input line 238.
LaTeX Font Info:    Redeclaring math alphabet \mathfrak on input line 240.
Now handling font encoding LMS ...
... no UTF-8 mapping file for font encoding LMS
LaTeX Font Info:    Redeclaring symbol font `symbols' on input line 259.
LaTeX Font Info:    Encoding `OMS' has changed to `LMS' for symbol font
(Font)              `symbols' in the math version `normal' on input line 259.
LaTeX Font Info:    Overwriting symbol font `symbols' in version `normal'
(Font)                  OMS/cmsy/m/n --> LMS/ntxsy/m/n on input line 259.
LaTeX Font Info:    Encoding `OMS' has changed to `LMS' for symbol font
(Font)              `symbols' in the math version `bold' on input line 259.
LaTeX Font Info:    Overwriting symbol font `symbols' in version `bold'
(Font)                  OMS/cmsy/b/n --> LMS/ntxsy/m/n on input line 259.
LaTeX Font Info:    Overwriting symbol font `symbols' in version `bold'
(Font)                  LMS/ntxsy/m/n --> LMS/ntxsy/b/n on input line 260.
\symAMSm=\mathgroup7
LaTeX Font Info:    Overwriting symbol font `AMSm' in version `bold'
(Font)                  U/ntxsym/m/n --> U/ntxsym/b/n on input line 283.
\symsymbolsC=\mathgroup8
LaTeX Font Info:    Overwriting symbol font `symbolsC' in version `bold'
(Font)                  U/ntxsyc/m/n --> U/ntxsyc/b/n on input line 304.
Now handling font encoding LMX ...
... no UTF-8 mapping file for font encoding LMX
LaTeX Font Info:    Redeclaring symbol font `largesymbols' on input line 317.
LaTeX Font Info:    Encoding `OMX' has changed to `LMX' for symbol font
(Font)              `largesymbols' in the math version `normal' on input line 3
17.
LaTeX Font Info:    Overwriting symbol font `largesymbols' in version `normal'
(Font)                  OMX/cmex/m/n --> LMX/ntxexx/m/n on input line 317.
LaTeX Font Info:    Encoding `OMX' has changed to `LMX' for symbol font
(Font)              `largesymbols' in the math version `bold' on input line 317
.
LaTeX Font Info:    Overwriting symbol font `largesymbols' in version `bold'
(Font)                  OMX/cmex/m/n --> LMX/ntxexx/m/n on input line 317.
LaTeX Font Info:    Overwriting symbol font `largesymbols' in version `bold'
(Font)                  LMX/ntxexx/m/n --> LMX/ntxexx/b/n on input line 318.
\symlargesymbolsTXA=\mathgroup9
LaTeX Font Info:    Overwriting symbol font `largesymbolsTXA' in version `bold'

(Font)                  U/ntxexa/m/n --> U/ntxexa/b/n on input line 332.
LaTeX Font Info:    Redeclaring math delimiter \lgroup on input line 503.
LaTeX Font Info:    Redeclaring math delimiter \rgroup on input line 504.
LaTeX Font Info:    Redeclaring math delimiter \lmoustache on input line 505.
LaTeX Font Info:    Redeclaring math delimiter \rmoustache on input line 506.
LaTeX Font Info:    Redeclaring math delimiter \lfloor on input line 512.
LaTeX Font Info:    Redeclaring math delimiter \rfloor on input line 513.
LaTeX Font Info:    Redeclaring math delimiter \lceil on input line 514.
LaTeX Font Info:    Redeclaring math delimiter \rceil on input line 515.
LaTeX Font Info:    Redeclaring math delimiter \lbrace on input line 516.
LaTeX Font Info:    Redeclaring math delimiter \rbrace on input line 517.
LaTeX Font Info:    Redeclaring math delimiter \langle on input line 518.
LaTeX Font Info:    Redeclaring math delimiter \rangle on input line 520.
LaTeX Font Info:    Redeclaring math symbol \mid on input line 522.
LaTeX Font Info:    Redeclaring math delimiter \arrowvert on input line 524.
LaTeX Font Info:    Redeclaring math delimiter \vert on input line 525.
LaTeX Font Info:    Redeclaring math symbol \parallel on input line 526.
LaTeX Font Info:    Redeclaring math delimiter \Arrowvert on input line 527.
LaTeX Font Info:    Redeclaring math delimiter \Vert on input line 528.
LaTeX Font Info:    Redeclaring math delimiter \updownarrow on input line 530.
LaTeX Font Info:    Redeclaring math delimiter \Updownarrow on input line 531.
LaTeX Font Info:    Redeclaring math delimiter \lvert on input line 536.
LaTeX Font Info:    Redeclaring math delimiter \rvert on input line 537.
LaTeX Font Info:    Redeclaring math delimiter \lVert on input line 538.
LaTeX Font Info:    Redeclaring math delimiter \rVert on input line 539.
LaTeX Info: Redefining \not on input line 2146.
LaTeX Info: Redefining \textsquare on input line 2176.
LaTeX Info: Redefining \openbox on input line 2178.
)
(/usr/local/texlive/2018/texmf-dist/tex/latex/caption/caption.sty
Package: caption 2016/02/21 v3.3-144 Customizing captions (AR)

(/usr/local/texlive/2018/texmf-dist/tex/latex/caption/caption3.sty
Package: caption3 2016/05/22 v1.7-166 caption3 kernel (AR)
Package caption3 Info: TeX engine: e-TeX on input line 67.
\captionmargin=\dimen130
\captionmargin@=\dimen131
\captionwidth=\dimen132
\caption@tempdima=\dimen133
\caption@indent=\dimen134
\caption@parindent=\dimen135
\caption@hangindent=\dimen136
)
Package caption Info: AMS or SMF document class.
\c@ContinuedFloat=\count120
Package caption Info: hyperref package is loaded.
)
(/usr/local/texlive/2018/texmf-dist/tex/latex/float/float.sty
Package: float 2001/11/08 v1.3d Float enhancements (AL)
\c@float@type=\count121
\float@exts=\toks29
\float@box=\box29
\@float@everytoks=\toks30
\@floatcapt=\box30
)
\@float@every@sidebar=\toks31
\c@sidebar=\count122
\fulltextwidth=\dimen137
\num@authorgroups=\count123
\@ACM@badge@width=\skip55
\@ACM@title@width=\skip56
\@ACM@badge@skip=\skip57
Class acmart Info: Printing CSS on input line 1042.
Class acmart Info: Printing bibformat on input line 1042.
Class acmart Info: Suppressing folios on input line 1049.

(/usr/local/texlive/2018/texmf-dist/tex/latex/comment/comment.sty
\CommentStream=\write3

Excluding comment 'comment') Excluding comment 'CCSXML'
\mktitle@bx=\box31
\@ACM@commabox=\box32
\author@bx=\box33
\author@bx@wd=\dimen138
\author@bx@sep=\skip58

(/usr/local/texlive/2018/texmf-dist/tex/latex/fancyhdr/fancyhdr.sty
Package: fancyhdr 2017/06/30 v3.9a Extensive control of page headers and footer
s
\f@nch@headwidth=\skip59
\f@nch@O@elh=\skip60
\f@nch@O@erh=\skip61
\f@nch@O@olh=\skip62
\f@nch@O@orh=\skip63
\f@nch@O@elf=\skip64
\f@nch@O@erf=\skip65
\f@nch@O@olf=\skip66
\f@nch@O@orf=\skip67
)
\@folio@wd=\dimen139
\@folio@ht=\dimen140
\@folio@voffset=\dimen141
\c@theorem=\count124

Special comment 'acks' Excluding comment 'screenonly'
Include comment 'printonly' Include comment 'anonsuppress'
LaTeX Font Info:    Try loading font information for OT1+LinuxLibertineT-TLF on
 input line 2184.

(/usr/local/texlive/2018/texmf-dist/tex/latex/libertine/OT1LinuxLibertineT-TLF.
fd
File: OT1LinuxLibertineT-TLF.fd 2017/03/20 (autoinst) Font definitions for OT1/
LinuxLibertineT-TLF.
)
LaTeX Font Info:    Font shape `OT1/LinuxLibertineT-TLF/m/n' will be
(Font)              scaled to size 9.0pt on input line 2184.
)
Class acmart Info: Suppressing bibformat on input line 2.
 (/usr/local/texlive/2018/texmf-dist/tex/latex/tools/array.sty
Package: array 2018/04/07 v2.4g Tabular extension package (FMi)
\col@sep=\dimen142
\ar@mcellbox=\box34
\extrarowheight=\dimen143
\NC@list=\toks32
\extratabsurround=\skip68
\backup@length=\skip69
\ar@cellbox=\box35
)
(/usr/local/texlive/2018/texmf-dist/tex/latex/clrscode/clrscode.sty
Package: clrscode 2007/03/29 v1.7 format pseudocode

(/usr/local/texlive/2018/texmf-dist/tex/latex/base/latexsym.sty
Package: latexsym 1998/08/17 v2.2e Standard LaTeX package (lasy symbols)
\symlasy=\mathgroup10
LaTeX Font Info:    Overwriting symbol font `lasy' in version `bold'
(Font)                  U/lasy/m/n --> U/lasy/b/n on input line 52.
)
\c@codelinenumber=\count125
\c@indent=\count126
\digitwidth=\skip70
\savecode=\box36
\codeboxwidth=\skip71
\c@thisindent=\count127
)
(/usr/local/texlive/2018/texmf-dist/tex/latex/preprint/balance.sty
Package: balance 1999/02/23 4.3 (PWD)
\oldvsize=\dimen144
)
(/usr/local/texlive/2018/texmf-dist/tex/latex/subfigure/subfigure.sty
Package: subfigure 2002/03/15 v2.1.5 subfigure package
\subfigtopskip=\skip72
\subfigcapskip=\skip73
\subfigcaptopadj=\dimen145
\subfigbottomskip=\skip74
\subfigcapmargin=\dimen146
\subfiglabelskip=\skip75
\c@subfigure=\count128
\c@lofdepth=\count129
\c@subtable=\count130
\c@lotdepth=\count131

****************************************
* Local config file subfigure.cfg used *
****************************************
(/usr/local/texlive/2018/texmf-dist/tex/latex/subfigure/subfigure.cfg)
\subfig@top=\skip76
\subfig@bottom=\skip77
)
(/usr/local/texlive/2018/texmf-dist/tex/latex/multirow/multirow.sty
Package: multirow 2016/11/25 v2.2 Span multiple rows of a table
\multirow@colwidth=\skip78
\multirow@cntb=\count132
\multirow@dima=\skip79
\bigstrutjot=\dimen147
)
(/usr/local/texlive/2018/texmf-dist/tex/latex/soul/soul.sty
Package: soul 2003/11/17 v2.4 letterspacing/underlining (mf)
\SOUL@word=\toks33
\SOUL@lasttoken=\toks34
\SOUL@cmds=\toks35
\SOUL@buffer=\toks36
\SOUL@token=\toks37
\SOUL@spaceskip=\skip80
\SOUL@ttwidth=\dimen148
\SOUL@uldp=\dimen149
\SOUL@ulht=\dimen150
)
(/usr/local/texlive/2018/texmf-dist/tex/latex/mdframed/mdframed.sty
Package: mdframed 2013/07/01 1.9b: mdframed

(/usr/local/texlive/2018/texmf-dist/tex/latex/l3packages/xparse/xparse.sty
(/usr/local/texlive/2018/texmf-dist/tex/latex/l3kernel/expl3.sty
Package: expl3 2018/03/05 L3 programming layer (loader) 

(/usr/local/texlive/2018/texmf-dist/tex/latex/l3kernel/expl3-code.tex
Package: expl3 2018/03/05 L3 programming layer (code)
\c_max_int=\count133
\l_tmpa_int=\count134
\l_tmpb_int=\count135
\g_tmpa_int=\count136
\g_tmpb_int=\count137
\g__intarray_font_int=\count138
\g__prg_map_int=\count139
\c_log_iow=\count140
\l_iow_line_count_int=\count141
\l__iow_line_target_int=\count142
\l__iow_one_indent_int=\count143
\l__iow_indent_int=\count144
\c_zero_dim=\dimen151
\c_max_dim=\dimen152
\l_tmpa_dim=\dimen153
\l_tmpb_dim=\dimen154
\g_tmpa_dim=\dimen155
\g_tmpb_dim=\dimen156
\c_zero_skip=\skip81
\c_max_skip=\skip82
\l_tmpa_skip=\skip83
\l_tmpb_skip=\skip84
\g_tmpa_skip=\skip85
\g_tmpb_skip=\skip86
\c_zero_muskip=\muskip12
\c_max_muskip=\muskip13
\l_tmpa_muskip=\muskip14
\l_tmpb_muskip=\muskip15
\g_tmpa_muskip=\muskip16
\g_tmpb_muskip=\muskip17
\l_keys_choice_int=\count145
\c__fp_leading_shift_int=\count146
\c__fp_middle_shift_int=\count147
\c__fp_trailing_shift_int=\count148
\c__fp_big_leading_shift_int=\count149
\c__fp_big_middle_shift_int=\count150
\c__fp_big_trailing_shift_int=\count151
\c__fp_Bigg_leading_shift_int=\count152
\c__fp_Bigg_middle_shift_int=\count153
\c__fp_Bigg_trailing_shift_int=\count154
\c__fp_rand_size_int=\count155
\c__fp_rand_four_int=\count156
\c__fp_rand_eight_int=\count157
\l__sort_length_int=\count158
\l__sort_min_int=\count159
\l__sort_top_int=\count160
\l__sort_max_int=\count161
\l__sort_true_max_int=\count162
\l__sort_block_int=\count163
\l__sort_begin_int=\count164
\l__sort_end_int=\count165
\l__sort_A_int=\count166
\l__sort_B_int=\count167
\l__sort_C_int=\count168
\l__tl_build_start_index_int=\count169
\l__tl_build_index_int=\count170
\l__tl_analysis_normal_int=\count171
\l__tl_analysis_index_int=\count172
\l__tl_analysis_nesting_int=\count173
\l__tl_analysis_type_int=\count174
\l__regex_internal_a_int=\count175
\l__regex_internal_b_int=\count176
\l__regex_internal_c_int=\count177
\l__regex_balance_int=\count178
\l__regex_group_level_int=\count179
\l__regex_mode_int=\count180
\c__regex_cs_in_class_mode_int=\count181
\c__regex_cs_mode_int=\count182
\l__regex_catcodes_int=\count183
\l__regex_default_catcodes_int=\count184
\c__regex_catcode_D_int=\count185
\c__regex_catcode_S_int=\count186
\c__regex_catcode_L_int=\count187
\c__regex_catcode_O_int=\count188
\c__regex_catcode_A_int=\count189
\c__regex_all_catcodes_int=\count190
\l__regex_show_lines_int=\count191
\l__regex_min_state_int=\count192
\l__regex_max_state_int=\count193
\l__regex_left_state_int=\count194
\l__regex_right_state_int=\count195
\l__regex_capturing_group_int=\count196
\l__regex_min_pos_int=\count197
\l__regex_max_pos_int=\count266
\l__regex_curr_pos_int=\count267
\l__regex_start_pos_int=\count268
\l__regex_success_pos_int=\count269
\l__regex_curr_char_int=\count270
\l__regex_curr_catcode_int=\count271
\l__regex_last_char_int=\count272
\l__regex_case_changed_char_int=\count273
\l__regex_curr_state_int=\count274
\l__regex_step_int=\count275
\l__regex_min_active_int=\count276
\l__regex_max_active_int=\count277
\l__regex_replacement_csnames_int=\count278
\l__regex_match_count_int=\count279
\l__regex_min_submatch_int=\count280
\l__regex_submatch_int=\count281
\l__regex_zeroth_submatch_int=\count282
\g__regex_trace_regex_int=\count283
\c_empty_box=\box37
\l_tmpa_box=\box38
\l_tmpb_box=\box39
\g_tmpa_box=\box40
\g_tmpb_box=\box41
\l__box_top_dim=\dimen157
\l__box_bottom_dim=\dimen158
\l__box_left_dim=\dimen159
\l__box_right_dim=\dimen160
\l__box_top_new_dim=\dimen161
\l__box_bottom_new_dim=\dimen162
\l__box_left_new_dim=\dimen163
\l__box_right_new_dim=\dimen164
\l__box_internal_box=\box42
\l__coffin_internal_box=\box43
\l__coffin_internal_dim=\dimen165
\l__coffin_offset_x_dim=\dimen166
\l__coffin_offset_y_dim=\dimen167
\l__coffin_x_dim=\dimen168
\l__coffin_y_dim=\dimen169
\l__coffin_x_prime_dim=\dimen170
\l__coffin_y_prime_dim=\dimen171
\c_empty_coffin=\box44
\l__coffin_aligned_coffin=\box45
\l__coffin_aligned_internal_coffin=\box46
\l_tmpa_coffin=\box47
\l_tmpb_coffin=\box48
\l__coffin_display_coffin=\box49
\l__coffin_display_coord_coffin=\box50
\l__coffin_display_pole_coffin=\box51
\l__coffin_display_offset_dim=\dimen172
\l__coffin_display_x_dim=\dimen173
\l__coffin_display_y_dim=\dimen174
\l__coffin_bounding_shift_dim=\dimen175
\l__coffin_left_corner_dim=\dimen176
\l__coffin_right_corner_dim=\dimen177
\l__coffin_bottom_corner_dim=\dimen178
\l__coffin_top_corner_dim=\dimen179
\l__coffin_scaled_total_height_dim=\dimen180
\l__coffin_scaled_width_dim=\dimen181
)
(/usr/local/texlive/2018/texmf-dist/tex/latex/l3kernel/l3pdfmode.def
File: l3pdfmode.def 2017/03/18 v L3 Experimental driver: PDF mode
\l__driver_color_stack_int=\count284
))
Package: xparse 2018/02/21 L3 Experimental document command parser
\l__xparse_current_arg_int=\count285
\g__xparse_grabber_int=\count286
\l__xparse_m_args_int=\count287
\l__xparse_mandatory_args_int=\count288
\l__xparse_v_nesting_int=\count289
)
(/usr/local/texlive/2018/texmf-dist/tex/latex/etoolbox/etoolbox.sty
Package: etoolbox 2018/02/11 v2.5e e-TeX tools for LaTeX (JAW)
\etb@tempcnta=\count290
)
(/usr/local/texlive/2018/texmf-dist/tex/latex/oberdiek/zref-abspage.sty
Package: zref-abspage 2016/05/21 v2.26 Module abspage for zref (HO)

(/usr/local/texlive/2018/texmf-dist/tex/latex/oberdiek/zref-base.sty
Package: zref-base 2016/05/21 v2.26 Module base for zref (HO)
Package zref Info: New property list: main on input line 759.
Package zref Info: New property: default on input line 760.
Package zref Info: New property: page on input line 761.
)
\c@abspage=\count291
Package zref Info: New property: abspage on input line 62.
)
(/usr/local/texlive/2018/texmf-dist/tex/latex/needspace/needspace.sty
Package: needspace 2010/09/12 v1.3d reserve vertical space
)
\mdf@templength=\skip87
\c@mdf@globalstyle@cnt=\count292
\mdf@skipabove@length=\skip88
\mdf@skipbelow@length=\skip89
\mdf@leftmargin@length=\skip90
\mdf@rightmargin@length=\skip91
\mdf@innerleftmargin@length=\skip92
\mdf@innerrightmargin@length=\skip93
\mdf@innertopmargin@length=\skip94
\mdf@innerbottommargin@length=\skip95
\mdf@splittopskip@length=\skip96
\mdf@splitbottomskip@length=\skip97
\mdf@outermargin@length=\skip98
\mdf@innermargin@length=\skip99
\mdf@linewidth@length=\skip100
\mdf@innerlinewidth@length=\skip101
\mdf@middlelinewidth@length=\skip102
\mdf@outerlinewidth@length=\skip103
\mdf@roundcorner@length=\skip104
\mdf@footenotedistance@length=\skip105
\mdf@userdefinedwidth@length=\skip106
\mdf@needspace@length=\skip107
\mdf@frametitleaboveskip@length=\skip108
\mdf@frametitlebelowskip@length=\skip109
\mdf@frametitlerulewidth@length=\skip110
\mdf@frametitleleftmargin@length=\skip111
\mdf@frametitlerightmargin@length=\skip112
\mdf@shadowsize@length=\skip113
\mdf@extratopheight@length=\skip114
\mdf@subtitleabovelinewidth@length=\skip115
\mdf@subtitlebelowlinewidth@length=\skip116
\mdf@subtitleaboveskip@length=\skip117
\mdf@subtitlebelowskip@length=\skip118
\mdf@subtitleinneraboveskip@length=\skip119
\mdf@subtitleinnerbelowskip@length=\skip120
\mdf@subsubtitleabovelinewidth@length=\skip121
\mdf@subsubtitlebelowlinewidth@length=\skip122
\mdf@subsubtitleaboveskip@length=\skip123
\mdf@subsubtitlebelowskip@length=\skip124
\mdf@subsubtitleinneraboveskip@length=\skip125
\mdf@subsubtitleinnerbelowskip@length=\skip126

(/usr/local/texlive/2018/texmf-dist/tex/latex/mdframed/md-frame-0.mdf
File: md-frame-0.mdf 2013/07/01\ 1.9b: md-frame-0
)
\mdf@frametitlebox=\box52
\mdf@footnotebox=\box53
\mdf@splitbox@one=\box54
\mdf@splitbox@two=\box55
\mdf@splitbox@save=\box56
\mdfsplitboxwidth=\skip127
\mdfsplitboxtotalwidth=\skip128
\mdfsplitboxheight=\skip129
\mdfsplitboxdepth=\skip130
\mdfsplitboxtotalheight=\skip131
\mdfframetitleboxwidth=\skip132
\mdfframetitleboxtotalwidth=\skip133
\mdfframetitleboxheight=\skip134
\mdfframetitleboxdepth=\skip135
\mdfframetitleboxtotalheight=\skip136
\mdffootnoteboxwidth=\skip137
\mdffootnoteboxtotalwidth=\skip138
\mdffootnoteboxheight=\skip139
\mdffootnoteboxdepth=\skip140
\mdffootnoteboxtotalheight=\skip141
\mdftotallinewidth=\skip142
\mdfboundingboxwidth=\skip143
\mdfboundingboxtotalwidth=\skip144
\mdfboundingboxheight=\skip145
\mdfboundingboxdepth=\skip146
\mdfboundingboxtotalheight=\skip147
\mdf@freevspace@length=\skip148
\mdf@horizontalwidthofbox@length=\skip149
\mdf@verticalmarginwhole@length=\skip150
\mdf@horizontalspaceofbox=\skip151
\mdfsubtitleheight=\skip152
\mdfsubsubtitleheight=\skip153
\c@mdfcountframes=\count293

****** mdframed patching \endmdf@trivlist

****** -- success******

.................................................
. LaTeX info: "xparse/define-command"
. 
. Defining command \newmdtheoremenv with sig. 'O{} m o m o ' on line 601.
.................................................
.................................................
. LaTeX info: "xparse/define-command"
. 
. Defining command \mdtheorem with sig. ' O{} m o m o ' on line 701.
.................................................
\mdf@envdepth=\count294
\c@mdf@env@i=\count295
\c@mdf@env@ii=\count296
\c@mdf@zref@counter=\count297
Package zref Info: New property: mdf@pagevalue on input line 895.
)
(/usr/local/texlive/2018/texmf-dist/tex/latex/jknapltx/mathrsfs.sty
Package: mathrsfs 1996/01/01 Math RSFS package v1.0 (jk)
\symrsfs=\mathgroup11
)
(/usr/local/texlive/2018/texmf-dist/tex/latex/mathtools/mathtools.sty
Package: mathtools 2018/01/08 v1.21 mathematical typesetting tools

(/usr/local/texlive/2018/texmf-dist/tex/latex/tools/calc.sty
Package: calc 2017/05/25 v4.3 Infix arithmetic (KKT,FJ)
\calc@Acount=\count298
\calc@Bcount=\count299
\calc@Adimen=\dimen182
\calc@Bdimen=\dimen183
\calc@Askip=\skip154
\calc@Bskip=\skip155
LaTeX Info: Redefining \setlength on input line 80.
LaTeX Info: Redefining \addtolength on input line 81.
\calc@Ccount=\count300
\calc@Cskip=\skip156
)
(/usr/local/texlive/2018/texmf-dist/tex/latex/mathtools/mhsetup.sty
Package: mhsetup 2017/03/31 v1.3 programming setup (MH)
)
LaTeX Info: Thecontrolsequence`\('isalreadyrobust on input line 129.
LaTeX Info: Thecontrolsequence`\)'isalreadyrobust on input line 129.
LaTeX Info: Thecontrolsequence`\['isalreadyrobust on input line 129.
LaTeX Info: Thecontrolsequence`\]'isalreadyrobust on input line 129.
\g_MT_multlinerow_int=\count301
\l_MT_multwidth_dim=\dimen184
\origjot=\skip157
\l_MT_shortvdotswithinadjustabove_dim=\dimen185
\l_MT_shortvdotswithinadjustbelow_dim=\dimen186
\l_MT_above_intertext_sep=\dimen187
\l_MT_below_intertext_sep=\dimen188
\l_MT_above_shortintertext_sep=\dimen189
\l_MT_below_shortintertext_sep=\dimen190
)
(/usr/local/texlive/2018/texmf-dist/tex/latex/arydshln/arydshln.sty
Package: arydshln 2016/04/28 v1.73 
\dashlinedash=\dimen191
\dashlinegap=\dimen192
\adl@box=\box57
\adl@height=\dimen193
\adl@heightsave=\dimen194
\adl@depth=\dimen195
\adl@depthsave=\dimen196
\adl@finaldepth=\dimen197
\adl@columns=\count302
\adl@ncol=\count303
\adl@currentcolumn=\count304
\adl@currentcolumnsave=\count305
\adl@totalheight=\count306
\adl@totalheightsave=\count307
\adl@dash=\count308
\adl@gap=\count309
\adl@cla=\count310
\adl@clb=\count311
\adl@everyvbox=\toks38
\adl@LTpagetotal=\dimen256
)
(/usr/local/texlive/2018/texmf-dist/tex/latex/tools/multicol.sty
Package: multicol 2018/04/01 v1.8r multicolumn formatting (FMi)
\c@tracingmulticols=\count312
\mult@box=\box58
\multicol@leftmargin=\dimen257
\c@unbalance=\count313
\c@collectmore=\count314
\doublecol@number=\count315
\multicoltolerance=\count316
\multicolpretolerance=\count317
\full@width=\dimen258
\page@free=\dimen259
\premulticols=\dimen260
\postmulticols=\dimen261
\multicolsep=\skip158
\multicolbaselineskip=\skip159
\partial@page=\box59
\last@line=\box60
\maxbalancingoverflow=\dimen262
\mult@rightbox=\box61
\mult@grightbox=\box62
\mult@gfirstbox=\box63
\mult@firstbox=\box64
\@tempa=\box65
\@tempa=\box66
\@tempa=\box67
\@tempa=\box68
\@tempa=\box69
\@tempa=\box70
\@tempa=\box71
\@tempa=\box72
\@tempa=\box73
\@tempa=\box74
\@tempa=\box75
\@tempa=\box76
\@tempa=\box77
\@tempa=\box78
\@tempa=\box79
\@tempa=\box80
\@tempa=\box81
\c@columnbadness=\count318
\c@finalcolumnbadness=\count319
\last@try=\dimen263
\multicolovershoot=\dimen264
\multicolundershoot=\dimen265
\mult@nat@firstbox=\box82
\colbreak@box=\box83
\mc@col@check@num=\count320
)
(/usr/local/texlive/2018/texmf-dist/tex/latex/blkarray/blkarray.sty
Package: blkarray 2015/02/27 v0.07 Block array (dpc)
\c@BAenumi=\count321
\BA@col=\count322
\BA@block@cnt=\count323
\BA@final@box=\box84
\BA@first@box=\box85
\BA@colsep=\dimen266
\BA@ftn=\toks39
\BAextrarowheight=\dimen267
\BAextraheightafterhline=\dimen268
\BAarrayrulewidth=\dimen269
\BAdoublerulesep=\dimen270
\BAfootskip=\dimen271
\BA@dashbox=\box86
\BA@ddashbox=\box87
)
(/usr/local/texlive/2018/texmf-dist/tex/latex/tools/enumerate.sty
Package: enumerate 2015/07/23 v3.00 enumerate extensions (DPC)
\@enLab=\toks40
)
(/usr/local/texlive/2018/texmf-dist/tex/latex/psnfss/courier.sty
Package: courier 2005/04/12 PSNFSS-v9.2a (WaS) 
)
(/usr/local/texlive/2018/texmf-dist/tex/latex/graphics/rotating.sty
Package: rotating 2016/08/11 v2.16d rotated objects in LaTeX

(/usr/local/texlive/2018/texmf-dist/tex/latex/base/ifthen.sty
Package: ifthen 2014/09/29 v1.1c Standard LaTeX ifthen package (DPC)
)
\c@r@tfl@t=\count324
\rotFPtop=\skip160
\rotFPbot=\skip161
\rot@float@box=\box88
\rot@mess@toks=\toks41
)
(/usr/local/texlive/2018/texmf-dist/tex/latex/booktabs/booktabs.sty
Package: booktabs 2016/04/27 v1.618033 publication quality tables
\heavyrulewidth=\dimen272
\lightrulewidth=\dimen273
\cmidrulewidth=\dimen274
\belowrulesep=\dimen275
\belowbottomsep=\dimen276
\aboverulesep=\dimen277
\abovetopsep=\dimen278
\cmidrulesep=\dimen279
\cmidrulekern=\dimen280
\defaultaddspace=\dimen281
\@cmidla=\count325
\@cmidlb=\count326
\@aboverulesep=\dimen282
\@belowrulesep=\dimen283
\@thisruleclass=\count327
\@lastruleclass=\count328
\@thisrulewidth=\dimen284
)
(/usr/local/texlive/2018/texmf-dist/tex/latex/diagbox/diagbox.sty
Package: diagbox 2016/12/28 v2.2 Making table heads with diagonal lines

(/usr/local/texlive/2018/texmf-dist/tex/latex/pict2e/pict2e.sty
Package: pict2e 2016/02/05 v0.3b Improved picture commands (HjG,RN,JT)

(/usr/local/texlive/2018/texmf-dist/tex/latex/pict2e/pict2e.cfg
File: pict2e.cfg 2016/02/05 v0.1u pict2e configuration for teTeX/TeXLive
)
Package pict2e Info: Driver file: pdftex.def on input line 119.
Package pict2e Info: Driver file for pict2e: p2e-pdftex.def on input line 121.

(/usr/local/texlive/2018/texmf-dist/tex/latex/pict2e/p2e-pdftex.def
File: p2e-pdftex.def 2016/02/05 v0.1u Driver-dependant file (RN,HjG,JT)
)
\pIIe@GRAPH=\toks42
\@arclen=\dimen285
\@arcrad=\dimen286
\@tempdimd=\dimen287
)
(/usr/local/texlive/2018/texmf-dist/tex/latex/fp/fp.sty
Package: fp 1995/04/02

`Fixed Point Package', Version 0.8, April 2, 1995 (C) Michael Mehlich
(/usr/local/texlive/2018/texmf-dist/tex/latex/fp/defpattern.sty
Package: defpattern 1994/10/12
\actioncount=\count329
)
(/usr/local/texlive/2018/texmf-dist/tex/latex/fp/fp-basic.sty
Package: fp-basic 1996/05/13
\FP@xs=\count330
\FP@xia=\count331
\FP@xib=\count332
\FP@xfa=\count333
\FP@xfb=\count334
\FP@rega=\count335
\FP@regb=\count336
\FP@regs=\count337
\FP@times=\count338
)
(/usr/local/texlive/2018/texmf-dist/tex/latex/fp/fp-addons.sty
Package: fp-addons 1995/03/15
)
(/usr/local/texlive/2018/texmf-dist/tex/latex/fp/fp-snap.sty
Package: fp-snap 1995/04/05
)
(/usr/local/texlive/2018/texmf-dist/tex/latex/fp/fp-exp.sty
Package: fp-exp 1995/04/03
)
(/usr/local/texlive/2018/texmf-dist/tex/latex/fp/fp-trigo.sty
Package: fp-trigo 1995/04/14
)
(/usr/local/texlive/2018/texmf-dist/tex/latex/fp/fp-pas.sty
Package: fp-pas 1994/08/29
)
(/usr/local/texlive/2018/texmf-dist/tex/latex/fp/fp-random.sty
Package: fp-random 1995/02/23
\FPseed=\count339
)
(/usr/local/texlive/2018/texmf-dist/tex/latex/fp/fp-eqn.sty
Package: fp-eqn 1995/04/03
)
(/usr/local/texlive/2018/texmf-dist/tex/latex/fp/fp-upn.sty
Package: fp-upn 1996/10/21
)
(/usr/local/texlive/2018/texmf-dist/tex/latex/fp/fp-eval.sty
Package: fp-eval 1995/04/03
))
\diagbox@boxa=\box89
\diagbox@boxb=\box90
\diagbox@boxm=\box91
\diagbox@wd=\dimen288
\diagbox@ht=\dimen289
\diagbox@insepl=\dimen290
\diagbox@insepr=\dimen291
\diagbox@outsepl=\dimen292
\diagbox@outsepr=\dimen293
)
(/usr/local/texlive/2018/texmf-dist/tex/latex/fancybox/fancybox.sty
Package: fancybox 2010/05/15 1.4

Style option: `fancybox' v1.4 <2010/05/15> (tvz)
\@fancybox=\box92
\shadowsize=\dimen294
\@Sbox=\box93
\do@VerbBox=\toks43
\the@fancyput=\toks44
\this@fancyput=\toks45
\EndVerbatimTokens=\toks46
\Verbatim@Outfile=\write4
\Verbatim@Infile=\read1
) (/usr/local/texlive/2018/texmf-dist/tex/latex/minibox/minibox.sty
Package: minibox 2013/06/21 v0.2a Another type of box.
\l_minibox_rule_dim=\dimen295
\l_minibox_pad_dim=\dimen296
)
(/usr/local/texlive/2018/texmf-dist/tex/latex/cases/cases.sty
Package: cases 2002/05/02 ver 2.5 
)
(/usr/local/texlive/2018/texmf-dist/tex/latex/algorithm2e/algorithm2e.sty
Package: algorithm2e 2017/07/18 v5.2 algorithms environments
\c@AlgoLine=\count340
\algocf@hangindent=\skip162

(/usr/local/texlive/2018/texmf-dist/tex/latex/ifoddpage/ifoddpage.sty
Package: ifoddpage 2016/04/23 v1.1 Conditionals for odd/even page detection
\c@checkoddpage=\count341
)
(/usr/local/texlive/2018/texmf-dist/tex/latex/tools/xspace.sty
Package: xspace 2014/10/28 v1.13 Space after command names (DPC,MH)
)
(/usr/local/texlive/2018/texmf-dist/tex/latex/relsize/relsize.sty
Package: relsize 2013/03/29 ver 4.1
LaTeX Info: Redefining \larger on input line 150.
LaTeX Info: Redefining \smaller on input line 151.
)
\skiptotal=\skip163
\skiplinenumber=\skip164
\skiprule=\skip165
\skiphlne=\skip166
\skiptext=\skip167
\skiplength=\skip168
\algomargin=\skip169
\skipalgocfslide=\skip170
\algowidth=\dimen297
\inoutsize=\dimen298
\inoutindent=\dimen299
\interspacetitleruled=\dimen300
\interspacealgoruled=\dimen301
\interspacetitleboxruled=\dimen302
\algocf@ruledwidth=\skip171
\algocf@inoutbox=\box94
\algocf@inputbox=\box95
\AlCapSkip=\skip172
\AlCapHSkip=\skip173
\algoskipindent=\skip174
\algocf@nlbox=\box96
\algocf@hangingbox=\box97
\algocf@untilbox=\box98
\algocf@skipuntil=\skip175
\algocf@capbox=\box99
\algocf@lcaptionbox=\skip176
\algoheightruledefault=\skip177
\algoheightrule=\skip178
\algotitleheightruledefault=\skip179
\algotitleheightrule=\skip180
\c@algocfline=\count342
\c@algocfproc=\count343
\c@algocf=\count344
\algocf@algoframe=\box100
\algocf@algobox=\box101
)
(./paper.aux)
\openout1 = `paper.aux'.

LaTeX Font Info:    Checking defaults for OML/nxlmi/m/it on input line 67.
LaTeX Font Info:    Try loading font information for OML+nxlmi on input line 67
.
 (/usr/local/texlive/2018/texmf-dist/tex/latex/newtx/omlnxlmi.fd
File: omlnxlmi.fd 2013/11/19 Fontinst v1.933 font definitions for OML/nxlmi.
)
LaTeX Font Info:    ... okay on input line 67.
LaTeX Font Info:    Checking defaults for T1/cmr/m/n on input line 67.
LaTeX Font Info:    ... okay on input line 67.
LaTeX Font Info:    Checking defaults for OT1/cmr/m/n on input line 67.
LaTeX Font Info:    ... okay on input line 67.
LaTeX Font Info:    Checking defaults for OMS/cmsy/m/n on input line 67.
LaTeX Font Info:    ... okay on input line 67.
LaTeX Font Info:    Checking defaults for OMX/cmex/m/n on input line 67.
LaTeX Font Info:    ... okay on input line 67.
LaTeX Font Info:    Checking defaults for U/ntxexa/m/n on input line 67.
LaTeX Font Info:    Try loading font information for U+ntxexa on input line 67.


(/usr/local/texlive/2018/texmf-dist/tex/latex/newtx/untxexa.fd
File: untxexa.fd 2012/04/16 Fontinst v1.933 font definitions for U/ntxexa.
)
LaTeX Font Info:    ... okay on input line 67.
LaTeX Font Info:    Checking defaults for PD1/pdf/m/n on input line 67.
LaTeX Font Info:    ... okay on input line 67.
LaTeX Font Info:    Checking defaults for TS1/cmr/m/n on input line 67.
LaTeX Font Info:    Try loading font information for TS1+cmr on input line 67.

(/usr/local/texlive/2018/texmf-dist/tex/latex/base/ts1cmr.fd
File: ts1cmr.fd 2014/09/29 v2.5h Standard LaTeX font definitions
)
LaTeX Font Info:    ... okay on input line 67.
LaTeX Font Info:    Checking defaults for LMS/ntxsy/m/n on input line 67.
LaTeX Font Info:    Try loading font information for LMS+ntxsy on input line 67
.

(/usr/local/texlive/2018/texmf-dist/tex/latex/newtx/lmsntxsy.fd
File: lmsntxsy.fd 2016/07/02 Fontinst v1.933 font definitions for LMS/ntxsy.
)
LaTeX Font Info:    ... okay on input line 67.
LaTeX Font Info:    Checking defaults for LMX/ntxexx/m/n on input line 67.
LaTeX Font Info:    Try loading font information for LMX+ntxexx on input line 6
7.

(/usr/local/texlive/2018/texmf-dist/tex/latex/newtx/lmxntxexx.fd
File: lmxntxexx.fd 2016/07/03 Fontinst v1.933 font definitions for LMX/ntxexx.
)
LaTeX Font Info:    ... okay on input line 67.
LaTeX Font Info:    Font shape `OT1/LinuxLibertineT-TLF/m/n' will be
(Font)              scaled to size 7.0pt on input line 67.
LaTeX Font Info:    Font shape `OT1/LinuxLibertineT-TLF/m/n' will be
(Font)              scaled to size 7.3pt on input line 67.
LaTeX Font Info:    Font shape `OT1/LinuxLibertineT-TLF/m/n' will be
(Font)              scaled to size 5.5pt on input line 67.
LaTeX Font Info:    Try loading font information for U+msa on input line 67.

(/usr/local/texlive/2018/texmf-dist/tex/latex/amsfonts/umsa.fd
File: umsa.fd 2013/01/14 v3.01 AMS symbols A
)
LaTeX Font Info:    Try loading font information for U+msb on input line 67.

(/usr/local/texlive/2018/texmf-dist/tex/latex/amsfonts/umsb.fd
File: umsb.fd 2013/01/14 v3.01 AMS symbols B
)
LaTeX Font Info:    Try loading font information for U+ntxmia on input line 67.


(/usr/local/texlive/2018/texmf-dist/tex/latex/newtx/untxmia.fd
File: untxmia.fd 2016/01/31 Fontinst v1.933 font definitions for U/ntxmia.
)
LaTeX Font Info:    Try loading font information for U+ntxsym on input line 67.


(/usr/local/texlive/2018/texmf-dist/tex/latex/newtx/untxsym.fd
File: untxsym.fd 2015/03/20 Fontinst v1.933 font definitions for U/ntxsym.
)
LaTeX Font Info:    Try loading font information for U+ntxsyc on input line 67.


(/usr/local/texlive/2018/texmf-dist/tex/latex/newtx/untxsyc.fd
File: untxsyc.fd 2012/04/12 Fontinst v1.933 font definitions for U/ntxsyc.
)
LaTeX Font Info:    Try loading font information for U+lasy on input line 67.

(/usr/local/texlive/2018/texmf-dist/tex/latex/base/ulasy.fd
File: ulasy.fd 1998/08/17 v2.2e LaTeX symbol font definitions
)

LaTeX Font Warning: Font shape `U/lasy/m/n' in size <5.5> not available
(Font)              size <5> substituted on input line 67.

LaTeX Font Info:    Try loading font information for U+rsfs on input line 67.
(/usr/local/texlive/2018/texmf-dist/tex/latex/jknapltx/ursfs.fd
File: ursfs.fd 1998/03/24 rsfs font definition file (jk)
)

LaTeX Font Warning: Font shape `U/rsfs/m/n' in size <5.5> not available
(Font)              size <5> substituted on input line 67.

LaTeX Info: Redefining \microtypecontext on input line 67.
Package microtype Info: Generating PDF output.
Package microtype Info: Character protrusion enabled (level 2).
Package microtype Info: Using default protrusion set `alltext'.
Package microtype Info: Automatic font expansion enabled (level 2),
(microtype)             stretch: 20, shrink: 20, step: 1, non-selected.
Package microtype Info: Using default expansion set `basictext'.
Package microtype Info: No adjustment of tracking.
Package microtype Info: No adjustment of interword spacing.
Package microtype Info: No adjustment of character kerning.
Package microtype Info: Loading generic protrusion settings for font family
(microtype)             `LinuxLibertineT-TLF' (encoding: OT1).
(microtype)             For optimal results, create family-specific settings.
(microtype)             See the microtype manual for details.
ABD: EveryShipout initializing macros
\AtBeginShipoutBox=\box102
Package hyperref Info: Link coloring OFF on input line 67.

(/usr/local/texlive/2018/texmf-dist/tex/latex/hyperref/nameref.sty
Package: nameref 2016/05/21 v2.44 Cross-referencing by name of section

(/usr/local/texlive/2018/texmf-dist/tex/generic/oberdiek/gettitlestring.sty
Package: gettitlestring 2016/05/16 v1.5 Cleanup title references (HO)
)
\c@section@level=\count345
)
LaTeX Info: Redefining \ref on input line 67.
LaTeX Info: Redefining \pageref on input line 67.
LaTeX Info: Redefining \nameref on input line 67.

(./paper.out) (./paper.out)
\@outlinefile=\write5
\openout5 = `paper.out'.


(/usr/local/texlive/2018/texmf-dist/tex/context/base/mkii/supp-pdf.mkii
[Loading MPS to PDF converter (version 2006.09.02).]
\scratchcounter=\count346
\scratchdimen=\dimen303
\scratchbox=\box103
\nofMPsegments=\count347
\nofMParguments=\count348
\everyMPshowfont=\toks47
\MPscratchCnt=\count349
\MPscratchDim=\dimen304
\MPnumerator=\count350
\makeMPintoPDFobject=\count351
\everyMPtoPDFconversion=\toks48
) (/usr/local/texlive/2018/texmf-dist/tex/latex/oberdiek/epstopdf-base.sty
Package: epstopdf-base 2016/05/15 v2.6 Base part for package epstopdf

(/usr/local/texlive/2018/texmf-dist/tex/latex/oberdiek/grfext.sty
Package: grfext 2016/05/16 v1.2 Manage graphics extensions (HO)
)
Package epstopdf-base Info: Redefining graphics rule for `.eps' on input line 4
38.
Package grfext Info: Graphics extension search list:
(grfext)             [.pdf,.png,.jpg,.mps,.jpeg,.jbig2,.jb2,.PDF,.PNG,.JPG,.JPE
G,.JBIG2,.JB2,.eps]
(grfext)             \AppendGraphicsExtensions on input line 456.

(/usr/local/texlive/2018/texmf-dist/tex/latex/latexconfig/epstopdf-sys.cfg
File: epstopdf-sys.cfg 2010/07/13 v1.3 Configuration of (r)epstopdf for TeX Liv
e
))
*geometry* driver: auto-detecting
*geometry* detected driver: pdftex
*geometry* verbose mode - [ preamble ] result:
* driver: pdftex
* paper: custom
* layout: <same size as paper>
* layoutoffset:(h,v)=(0.0pt,0.0pt)
* modes: includehead includefoot twoside 
* h-part:(L,W,R)=(54.0pt, 506.295pt, 54.0pt)
* v-part:(T,H,B)=(57.0pt, 664.96999pt, 73.0pt)
* \paperwidth=614.295pt
* \paperheight=794.96999pt
* \textwidth=506.295pt
* \textheight=626.96999pt
* \oddsidemargin=-18.26999pt
* \evensidemargin=-18.26999pt
* \topmargin=-15.26999pt
* \headheight=12.0pt
* \headsep=14.0pt
* \topskip=10.0pt
* \footskip=12.0pt
* \marginparwidth=90.0pt
* \marginparsep=11.0pt
* \columnsep=24.0pt
* \skip\footins=7.0pt plus 11.0pt
* \hoffset=0.0pt
* \voffset=0.0pt
* \mag=1000
* \@twocolumnfalse
* \@twosidetrue
* \@mparswitchtrue
* \@reversemarginfalse
* (1in=72.27pt=25.4mm, 1cm=28.453pt)

\c@mv@tabular=\count352
\c@mv@boldtabular=\count353
(/usr/local/texlive/2018/texmf-dist/tex/latex/upquote/upquote.sty
Package: upquote 2012/04/19 v1.3 upright-quote and grave-accent glyphs in verba
tim
)
Package caption Info: Begin \AtBeginDocument code.
Package caption Info: float package is loaded.
Package caption Info: rotating package is loaded.
Package caption Info: subfigure package is loaded.
Package caption Info: End \AtBeginDocument code.
LaTeX Font Info:    Font shape `OT1/LinuxLibertineT-TLF/m/n' will be
(Font)              scaled to size 17.28pt on input line 84.
LaTeX Font Info:    Try loading font information for OT1+LinuxBiolinumT-TLF on 
input line 84.

(/usr/local/texlive/2018/texmf-dist/tex/latex/libertine/OT1LinuxBiolinumT-TLF.f
d
File: OT1LinuxBiolinumT-TLF.fd 2017/03/20 (autoinst) Font definitions for OT1/L
inuxBiolinumT-TLF.
)
LaTeX Font Info:    Font shape `OT1/LinuxBiolinumT-TLF/m/n' will be
(Font)              scaled to size 17.28pt on input line 84.
Package microtype Info: Loading generic protrusion settings for font family
(microtype)             `LinuxBiolinumT-TLF' (encoding: OT1).
(microtype)             For optimal results, create family-specific settings.
(microtype)             See the microtype manual for details.
LaTeX Font Info:    Font shape `OT1/LinuxBiolinumT-TLF/b/n' will be
(Font)              scaled to size 17.28pt on input line 84.
LaTeX Font Info:    Font shape `OT1/LinuxLibertineT-TLF/m/n' will be
(Font)              scaled to size 12.0pt on input line 84.
LaTeX Font Info:    Font shape `OT1/LinuxLibertineT-TLF/m/n' will be
(Font)              scaled to size 10.0pt on input line 84.
 (/usr/local/texlive/2018/texmf-dist/tex/latex/microtype/mt-msa.cfg
File: mt-msa.cfg 2006/02/04 v1.1 microtype config. file: AMS symbols (a) (RS)
)
(/usr/local/texlive/2018/texmf-dist/tex/latex/microtype/mt-msb.cfg
File: mt-msb.cfg 2005/06/01 v1.0 microtype config. file: AMS symbols (b) (RS)
)
LaTeX Font Info:    Font shape `OT1/LinuxLibertineT-TLF/m/it' will be
(Font)              scaled to size 7.0pt on input line 84.
LaTeX Font Info:    Try loading font information for TS1+LinuxLibertineT-TLF on
 input line 84.

(/usr/local/texlive/2018/texmf-dist/tex/latex/libertine/TS1LinuxLibertineT-TLF.
fd
File: TS1LinuxLibertineT-TLF.fd 2017/03/20 (autoinst) Font definitions for TS1/
LinuxLibertineT-TLF.
)
LaTeX Font Info:    Font shape `TS1/LinuxLibertineT-TLF/m/n' will be
(Font)              scaled to size 7.0pt on input line 84.
Package microtype Info: Loading generic protrusion settings for font family
(microtype)             `LinuxLibertineT-TLF' (encoding: TS1).
(microtype)             For optimal results, create family-specific settings.
(microtype)             See the microtype manual for details.
LaTeX Font Info:    Font shape `OT1/LinuxLibertineT-TLF/b/n' will be
(Font)              scaled to size 9.0pt on input line 84.
LaTeX Font Info:    Font shape `OT1/LinuxLibertineT-TLF/b/n' will be
(Font)              scaled to size 10.95pt on input line 84.
 (./paper.bbl)
Overfull \vbox (1.80437pt too high) has occurred while \output is active []


[1.1{/usr/local/texlive/2018/texmf-var/fonts/map/pdftex/updmap/pdftex.map}

]
Package atveryend Info: Empty hook `BeforeClearDocument' on input line 116.
Package atveryend Info: Empty hook `AfterLastShipout' on input line 116.

(./paper.aux)
Package atveryend Info: Executing hook `AtVeryEndDocument' on input line 116.
Package atveryend Info: Executing hook `AtEndAfterFileList' on input line 116.
Package rerunfilecheck Info: File `paper.out' has not changed.
(rerunfilecheck)             Checksum: 2DFAEE6AC1C4AB00D1624F1D38BA1AB1;463.


LaTeX Font Warning: Size substitutions with differences
(Font)              up to 0.5pt have occurred.

Package atveryend Info: Empty hook `AtVeryVeryEnd' on input line 116.
 ) 
Here is how much of TeX's memory you used:
 26835 strings out of 492649
 456732 string characters out of 6129622
 616957 words of memory out of 5000000
 30066 multiletter control sequences out of 15000+600000
 564530 words of font info for 105 fonts, out of 8000000 for 9000
 1302 hyphenation exceptions out of 8191
 60i,11n,94p,10413b,434s stack positions out of 5000i,500n,10000p,200000b,80000s
{/usr/local/texlive/2018/texmf-dist/fonts/enc/dvips/libertine/lbtn_naooyc.enc
}{/usr/local/texlive/2018/texmf-dist/fonts/enc/dvips/libertine/lbtn_kijugd.enc}
{/usr/local/texlive/2018/texmf-dist/fonts/enc/dvips/libertine/lbtn_lyu3x3.enc}{
/usr/local/texlive/2018/texmf-dist/fonts/enc/dvips/libertine/lbtn_oexx6f.enc}{/
usr/local/texlive/2018/texmf-dist/fonts/enc/dvips/libertine/lbtn_edcawa.enc}</u
sr/local/texlive/2018/texmf-dist/fonts/type1/public/libertine/LinBiolinumTB.pfb
></usr/local/texlive/2018/texmf-dist/fonts/type1/public/libertine/LinLibertineT
.pfb></usr/local/texlive/2018/texmf-dist/fonts/type1/public/libertine/LinLibert
ineTB.pfb></usr/local/texlive/2018/texmf-dist/fonts/type1/public/libertine/LinL
ibertineTI.pfb>
Output written on paper.pdf (1 page, 276488 bytes).
PDF statistics:
 77 PDF objects out of 1000 (max. 8388607)
 69 compressed objects within 1 object stream
 12 named destinations out of 1000 (max. 500000)
 21065 words of extra memory for PDF output out of 24883 (max. 10000000)

